Cloud-init v. 21.1-19-gbad84ad4-0ubuntu1~20.04.2 running 'init-local' at Fri, 13 Aug 2021 17:06:51 +0000. Up 7.21 seconds.
Cloud-init v. 21.1-19-gbad84ad4-0ubuntu1~20.04.2 running 'init' at Fri, 13 Aug 2021 17:06:55 +0000. Up 10.62 seconds.
ci-info: ++++++++++++++++++++++++++++++++++++++Net device info+++++++++++++++++++++++++++++++++++++++
ci-info: +--------+------+-----------------------------+---------------+--------+-------------------+
ci-info: | Device |  Up  |           Address           |      Mask     | Scope  |     Hw-Address    |
ci-info: +--------+------+-----------------------------+---------------+--------+-------------------+
ci-info: |  eth0  | True |         172.31.42.60        | 255.255.240.0 | global | 0e:ba:5e:ce:5f:17 |
ci-info: |  eth0  | True | fe80::cba:5eff:fece:5f17/64 |       .       |  link  | 0e:ba:5e:ce:5f:17 |
ci-info: |   lo   | True |          127.0.0.1          |   255.0.0.0   |  host  |         .         |
ci-info: |   lo   | True |           ::1/128           |       .       |  host  |         .         |
ci-info: +--------+------+-----------------------------+---------------+--------+-------------------+
ci-info: ++++++++++++++++++++++++++++++Route IPv4 info++++++++++++++++++++++++++++++
ci-info: +-------+-------------+-------------+-----------------+-----------+-------+
ci-info: | Route | Destination |   Gateway   |     Genmask     | Interface | Flags |
ci-info: +-------+-------------+-------------+-----------------+-----------+-------+
ci-info: |   0   |   0.0.0.0   | 172.31.32.1 |     0.0.0.0     |    eth0   |   UG  |
ci-info: |   1   | 172.31.32.0 |   0.0.0.0   |  255.255.240.0  |    eth0   |   U   |
ci-info: |   2   | 172.31.32.1 |   0.0.0.0   | 255.255.255.255 |    eth0   |   UH  |
ci-info: +-------+-------------+-------------+-----------------+-----------+-------+
ci-info: +++++++++++++++++++Route IPv6 info+++++++++++++++++++
ci-info: +-------+-------------+---------+-----------+-------+
ci-info: | Route | Destination | Gateway | Interface | Flags |
ci-info: +-------+-------------+---------+-----------+-------+
ci-info: |   1   |  fe80::/64  |    ::   |    eth0   |   U   |
ci-info: |   3   |    local    |    ::   |    eth0   |   U   |
ci-info: |   4   |  multicast  |    ::   |    eth0   |   U   |
ci-info: +-------+-------------+---------+-----------+-------+
Generating public/private rsa key pair.
Your identification has been saved in /etc/ssh/ssh_host_rsa_key
Your public key has been saved in /etc/ssh/ssh_host_rsa_key.pub
The key fingerprint is:
SHA256:eIPjqOQjCZUzAmVipZ84juPD6kHzknqiiJYrKuNz2m4 root@ip-172-31-42-60
The key's randomart image is:
+---[RSA 3072]----+
|.o+.             |
|oo.              |
|.. .             |
|. B .  o         |
| B =  + S        |
|= =  o o .       |
|=*o.. .          |
|%X*E             |
|^@@+             |
+----[SHA256]-----+
Generating public/private dsa key pair.
Your identification has been saved in /etc/ssh/ssh_host_dsa_key
Your public key has been saved in /etc/ssh/ssh_host_dsa_key.pub
The key fingerprint is:
SHA256:TDpwxiTWvL6Nq/JKO2p4OAZBSIT2thtCGtmuqWbjECY root@ip-172-31-42-60
The key's randomart image is:
+---[DSA 1024]----+
|=o  oo.          |
|oo . +o          |
|oo. . +..        |
|+..o +.+         |
|E=. ..o S        |
|=o.o  ..         |
|++o o  +         |
|BB+o  o .        |
|X=+=o...         |
+----[SHA256]-----+
Generating public/private ecdsa key pair.
Your identification has been saved in /etc/ssh/ssh_host_ecdsa_key
Your public key has been saved in /etc/ssh/ssh_host_ecdsa_key.pub
The key fingerprint is:
SHA256:t0JlV+b0fRfCtJP+JtrHMO3TNcq9ttGB4BSOAhLMMsk root@ip-172-31-42-60
The key's randomart image is:
+---[ECDSA 256]---+
|. +o..     .oo+. |
| E o. .   o .*+.o|
|  o    . .o+.+. =|
|        .oo.o o o|
|        S .. o.. |
|       . . . o.o+|
|        . . ..B+=|
|         .  oooBo|
|           . .oo+|
+----[SHA256]-----+
Generating public/private ed25519 key pair.
Your identification has been saved in /etc/ssh/ssh_host_ed25519_key
Your public key has been saved in /etc/ssh/ssh_host_ed25519_key.pub
The key fingerprint is:
SHA256:5GY6B2FvENgF3ABQwLUHuW+C9HZyrjvuOUbfYmxd6KY root@ip-172-31-42-60
The key's randomart image is:
+--[ED25519 256]--+
| .o==*+=.        |
|  . ooo..        |
|    ..= .        |
|  . .o *         |
| . o .. S.       |
|  . * =*. .      |
|   o Xo+..       |
|    +.Bo=        |
|   +*BE+         |
+----[SHA256]-----+
Cloud-init v. 21.1-19-gbad84ad4-0ubuntu1~20.04.2 running 'modules:config' at Fri, 13 Aug 2021 17:07:06 +0000. Up 22.09 seconds.
Cloud-init v. 21.1-19-gbad84ad4-0ubuntu1~20.04.2 running 'modules:final' at Fri, 13 Aug 2021 17:07:08 +0000. Up 23.49 seconds.
Cloud-init v. 21.1-19-gbad84ad4-0ubuntu1~20.04.2 finished at Fri, 13 Aug 2021 17:07:08 +0000. Datasource DataSourceEc2Local.  Up 23.78 seconds
