2021-04-30 23:36:07 startup packages remove
2021-04-30 23:36:07 status installed linux-virtual:amd64 5.4.0.72.75
2021-04-30 23:36:08 remove linux-virtual:amd64 5.4.0.72.75 <none>
2021-04-30 23:36:08 status half-configured linux-virtual:amd64 5.4.0.72.75
2021-04-30 23:36:08 status half-installed linux-virtual:amd64 5.4.0.72.75
2021-04-30 23:36:08 status config-files linux-virtual:amd64 5.4.0.72.75
2021-04-30 23:36:08 status not-installed linux-virtual:amd64 <none>
2021-04-30 23:36:08 status installed linux-headers-virtual:amd64 5.4.0.72.75
2021-04-30 23:36:08 remove linux-headers-virtual:amd64 5.4.0.72.75 <none>
2021-04-30 23:36:08 status half-configured linux-headers-virtual:amd64 5.4.0.72.75
2021-04-30 23:36:08 status half-installed linux-headers-virtual:amd64 5.4.0.72.75
2021-04-30 23:36:08 status config-files linux-headers-virtual:amd64 5.4.0.72.75
2021-04-30 23:36:08 status not-installed linux-headers-virtual:amd64 <none>
2021-04-30 23:36:08 status installed linux-headers-generic:amd64 5.4.0.72.75
2021-04-30 23:36:08 remove linux-headers-generic:amd64 5.4.0.72.75 <none>
2021-04-30 23:36:08 status half-configured linux-headers-generic:amd64 5.4.0.72.75
2021-04-30 23:36:08 status half-installed linux-headers-generic:amd64 5.4.0.72.75
2021-04-30 23:36:08 status config-files linux-headers-generic:amd64 5.4.0.72.75
2021-04-30 23:36:08 status not-installed linux-headers-generic:amd64 <none>
2021-04-30 23:36:08 status installed linux-headers-5.4.0-72-generic:amd64 5.4.0-72.80
2021-04-30 23:36:08 remove linux-headers-5.4.0-72-generic:amd64 5.4.0-72.80 <none>
2021-04-30 23:36:08 status half-configured linux-headers-5.4.0-72-generic:amd64 5.4.0-72.80
2021-04-30 23:36:08 status half-installed linux-headers-5.4.0-72-generic:amd64 5.4.0-72.80
2021-04-30 23:36:11 status config-files linux-headers-5.4.0-72-generic:amd64 5.4.0-72.80
2021-04-30 23:36:11 status not-installed linux-headers-5.4.0-72-generic:amd64 <none>
2021-04-30 23:36:11 status installed linux-headers-5.4.0-72:all 5.4.0-72.80
2021-04-30 23:36:11 remove linux-headers-5.4.0-72:all 5.4.0-72.80 <none>
2021-04-30 23:36:11 status half-configured linux-headers-5.4.0-72:all 5.4.0-72.80
2021-04-30 23:36:11 status half-installed linux-headers-5.4.0-72:all 5.4.0-72.80
2021-04-30 23:36:17 status config-files linux-headers-5.4.0-72:all 5.4.0-72.80
2021-04-30 23:36:17 status not-installed linux-headers-5.4.0-72:all <none>
2021-04-30 23:36:17 status installed linux-image-virtual:amd64 5.4.0.72.75
2021-04-30 23:36:17 remove linux-image-virtual:amd64 5.4.0.72.75 <none>
2021-04-30 23:36:17 status half-configured linux-image-virtual:amd64 5.4.0.72.75
2021-04-30 23:36:17 status half-installed linux-image-virtual:amd64 5.4.0.72.75
2021-04-30 23:36:17 status config-files linux-image-virtual:amd64 5.4.0.72.75
2021-04-30 23:36:17 status not-installed linux-image-virtual:amd64 <none>
2021-04-30 23:36:17 status installed linux-image-5.4.0-72-generic:amd64 5.4.0-72.80
2021-04-30 23:36:17 remove linux-image-5.4.0-72-generic:amd64 5.4.0-72.80 <none>
2021-04-30 23:36:17 status half-configured linux-image-5.4.0-72-generic:amd64 5.4.0-72.80
2021-04-30 23:36:18 status half-installed linux-image-5.4.0-72-generic:amd64 5.4.0-72.80
2021-04-30 23:36:19 status config-files linux-image-5.4.0-72-generic:amd64 5.4.0-72.80
2021-04-30 23:36:19 status installed linux-modules-5.4.0-72-generic:amd64 5.4.0-72.80
2021-04-30 23:36:19 remove linux-modules-5.4.0-72-generic:amd64 5.4.0-72.80 <none>
2021-04-30 23:36:19 status half-configured linux-modules-5.4.0-72-generic:amd64 5.4.0-72.80
2021-04-30 23:36:19 status half-installed linux-modules-5.4.0-72-generic:amd64 5.4.0-72.80
2021-04-30 23:36:19 status config-files linux-modules-5.4.0-72-generic:amd64 5.4.0-72.80
2021-04-30 23:36:19 startup packages configure
2021-04-30 23:36:19 startup packages purge
2021-04-30 23:36:20 purge linux-image-5.4.0-72-generic:amd64 5.4.0-72.80 <none>
2021-04-30 23:36:20 status config-files linux-image-5.4.0-72-generic:amd64 5.4.0-72.80
2021-04-30 23:36:20 status not-installed linux-image-5.4.0-72-generic:amd64 <none>
2021-04-30 23:36:20 purge linux-modules-5.4.0-72-generic:amd64 5.4.0-72.80 <none>
2021-04-30 23:36:20 status config-files linux-modules-5.4.0-72-generic:amd64 5.4.0-72.80
2021-04-30 23:36:20 status not-installed linux-modules-5.4.0-72-generic:amd64 <none>
2021-04-30 23:36:20 startup packages configure
2021-04-30 23:36:35 startup archives unpack
2021-04-30 23:36:35 install iucode-tool:amd64 <none> 2.3.1-1
2021-04-30 23:36:35 status half-installed iucode-tool:amd64 2.3.1-1
2021-04-30 23:36:35 status triggers-pending man-db:amd64 2.9.1-1
2021-04-30 23:36:35 status unpacked iucode-tool:amd64 2.3.1-1
2021-04-30 23:36:35 install linux-modules-5.4.0-1045-aws:amd64 <none> 5.4.0-1045.47
2021-04-30 23:36:35 status half-installed linux-modules-5.4.0-1045-aws:amd64 5.4.0-1045.47
2021-04-30 23:36:42 status unpacked linux-modules-5.4.0-1045-aws:amd64 5.4.0-1045.47
2021-04-30 23:36:42 install linux-image-5.4.0-1045-aws:amd64 <none> 5.4.0-1045.47
2021-04-30 23:36:42 status half-installed linux-image-5.4.0-1045-aws:amd64 5.4.0-1045.47
2021-04-30 23:36:45 status unpacked linux-image-5.4.0-1045-aws:amd64 5.4.0-1045.47
2021-04-30 23:36:45 install intel-microcode:amd64 <none> 3.20201110.0ubuntu0.20.04.2
2021-04-30 23:36:45 status half-installed intel-microcode:amd64 3.20201110.0ubuntu0.20.04.2
2021-04-30 23:36:46 status unpacked intel-microcode:amd64 3.20201110.0ubuntu0.20.04.2
2021-04-30 23:36:46 install amd64-microcode:amd64 <none> 3.20191218.1ubuntu1
2021-04-30 23:36:46 status half-installed amd64-microcode:amd64 3.20191218.1ubuntu1
2021-04-30 23:36:46 status unpacked amd64-microcode:amd64 3.20191218.1ubuntu1
2021-04-30 23:36:46 install microcode-initrd:amd64 <none> 2~20.04.0
2021-04-30 23:36:46 status half-installed microcode-initrd:amd64 2~20.04.0
2021-04-30 23:36:46 status unpacked microcode-initrd:amd64 2~20.04.0
2021-04-30 23:36:46 install linux-image-aws:amd64 <none> 5.4.0.1045.46
2021-04-30 23:36:46 status half-installed linux-image-aws:amd64 5.4.0.1045.46
2021-04-30 23:36:46 status unpacked linux-image-aws:amd64 5.4.0.1045.46
2021-04-30 23:36:47 install linux-aws-headers-5.4.0-1045:all <none> 5.4.0-1045.47
2021-04-30 23:36:47 status half-installed linux-aws-headers-5.4.0-1045:all 5.4.0-1045.47
2021-04-30 23:37:10 status unpacked linux-aws-headers-5.4.0-1045:all 5.4.0-1045.47
2021-04-30 23:37:10 install linux-headers-5.4.0-1045-aws:amd64 <none> 5.4.0-1045.47
2021-04-30 23:37:10 status half-installed linux-headers-5.4.0-1045-aws:amd64 5.4.0-1045.47
2021-04-30 23:37:19 status unpacked linux-headers-5.4.0-1045-aws:amd64 5.4.0-1045.47
2021-04-30 23:37:19 install linux-headers-aws:amd64 <none> 5.4.0.1045.46
2021-04-30 23:37:19 status half-installed linux-headers-aws:amd64 5.4.0.1045.46
2021-04-30 23:37:19 status unpacked linux-headers-aws:amd64 5.4.0.1045.46
2021-04-30 23:37:19 install linux-aws:amd64 <none> 5.4.0.1045.46
2021-04-30 23:37:19 status half-installed linux-aws:amd64 5.4.0.1045.46
2021-04-30 23:37:19 status unpacked linux-aws:amd64 5.4.0.1045.46
2021-04-30 23:37:19 startup packages configure
2021-04-30 23:37:19 configure iucode-tool:amd64 2.3.1-1 <none>
2021-04-30 23:37:19 status unpacked iucode-tool:amd64 2.3.1-1
2021-04-30 23:37:20 status half-configured iucode-tool:amd64 2.3.1-1
2021-04-30 23:37:20 status installed iucode-tool:amd64 2.3.1-1
2021-04-30 23:37:20 configure intel-microcode:amd64 3.20201110.0ubuntu0.20.04.2 <none>
2021-04-30 23:37:20 status unpacked intel-microcode:amd64 3.20201110.0ubuntu0.20.04.2
2021-04-30 23:37:20 status half-configured intel-microcode:amd64 3.20201110.0ubuntu0.20.04.2
2021-04-30 23:37:20 status installed intel-microcode:amd64 3.20201110.0ubuntu0.20.04.2
2021-04-30 23:37:20 status triggers-pending initramfs-tools:all 0.136ubuntu6.4
2021-04-30 23:37:20 configure linux-aws-headers-5.4.0-1045:all 5.4.0-1045.47 <none>
2021-04-30 23:37:20 status unpacked linux-aws-headers-5.4.0-1045:all 5.4.0-1045.47
2021-04-30 23:37:20 status half-configured linux-aws-headers-5.4.0-1045:all 5.4.0-1045.47
2021-04-30 23:37:20 status installed linux-aws-headers-5.4.0-1045:all 5.4.0-1045.47
2021-04-30 23:37:20 configure amd64-microcode:amd64 3.20191218.1ubuntu1 <none>
2021-04-30 23:37:20 status unpacked amd64-microcode:amd64 3.20191218.1ubuntu1
2021-04-30 23:37:20 status half-configured amd64-microcode:amd64 3.20191218.1ubuntu1
2021-04-30 23:37:20 status installed amd64-microcode:amd64 3.20191218.1ubuntu1
2021-04-30 23:37:20 configure microcode-initrd:amd64 2~20.04.0 <none>
2021-04-30 23:37:20 status unpacked microcode-initrd:amd64 2~20.04.0
2021-04-30 23:37:20 status half-configured microcode-initrd:amd64 2~20.04.0
2021-04-30 23:37:22 status installed microcode-initrd:amd64 2~20.04.0
2021-04-30 23:37:22 configure linux-headers-5.4.0-1045-aws:amd64 5.4.0-1045.47 <none>
2021-04-30 23:37:22 status unpacked linux-headers-5.4.0-1045-aws:amd64 5.4.0-1045.47
2021-04-30 23:37:22 status half-configured linux-headers-5.4.0-1045-aws:amd64 5.4.0-1045.47
2021-04-30 23:37:22 status installed linux-headers-5.4.0-1045-aws:amd64 5.4.0-1045.47
2021-04-30 23:37:22 configure linux-modules-5.4.0-1045-aws:amd64 5.4.0-1045.47 <none>
2021-04-30 23:37:22 status unpacked linux-modules-5.4.0-1045-aws:amd64 5.4.0-1045.47
2021-04-30 23:37:22 status half-configured linux-modules-5.4.0-1045-aws:amd64 5.4.0-1045.47
2021-04-30 23:37:25 status installed linux-modules-5.4.0-1045-aws:amd64 5.4.0-1045.47
2021-04-30 23:37:25 configure linux-image-5.4.0-1045-aws:amd64 5.4.0-1045.47 <none>
2021-04-30 23:37:25 status unpacked linux-image-5.4.0-1045-aws:amd64 5.4.0-1045.47
2021-04-30 23:37:25 status half-configured linux-image-5.4.0-1045-aws:amd64 5.4.0-1045.47
2021-04-30 23:37:26 status installed linux-image-5.4.0-1045-aws:amd64 5.4.0-1045.47
2021-04-30 23:37:26 status triggers-pending linux-image-5.4.0-1045-aws:amd64 5.4.0-1045.47
2021-04-30 23:37:26 configure linux-headers-aws:amd64 5.4.0.1045.46 <none>
2021-04-30 23:37:26 status unpacked linux-headers-aws:amd64 5.4.0.1045.46
2021-04-30 23:37:26 status half-configured linux-headers-aws:amd64 5.4.0.1045.46
2021-04-30 23:37:26 status installed linux-headers-aws:amd64 5.4.0.1045.46
2021-04-30 23:37:26 configure linux-image-aws:amd64 5.4.0.1045.46 <none>
2021-04-30 23:37:26 status unpacked linux-image-aws:amd64 5.4.0.1045.46
2021-04-30 23:37:26 status half-configured linux-image-aws:amd64 5.4.0.1045.46
2021-04-30 23:37:26 status installed linux-image-aws:amd64 5.4.0.1045.46
2021-04-30 23:37:26 configure linux-aws:amd64 5.4.0.1045.46 <none>
2021-04-30 23:37:26 status unpacked linux-aws:amd64 5.4.0.1045.46
2021-04-30 23:37:26 status half-configured linux-aws:amd64 5.4.0.1045.46
2021-04-30 23:37:26 status installed linux-aws:amd64 5.4.0.1045.46
2021-04-30 23:37:26 trigproc man-db:amd64 2.9.1-1 <none>
2021-04-30 23:37:26 status half-configured man-db:amd64 2.9.1-1
2021-04-30 23:37:26 status installed man-db:amd64 2.9.1-1
2021-04-30 23:37:26 trigproc initramfs-tools:all 0.136ubuntu6.4 <none>
2021-04-30 23:37:26 status half-configured initramfs-tools:all 0.136ubuntu6.4
2021-04-30 23:37:27 status installed initramfs-tools:all 0.136ubuntu6.4
2021-04-30 23:37:27 trigproc linux-image-5.4.0-1045-aws:amd64 5.4.0-1045.47 <none>
2021-04-30 23:37:27 status half-configured linux-image-5.4.0-1045-aws:amd64 5.4.0-1045.47
2021-04-30 23:37:59 status installed linux-image-5.4.0-1045-aws:amd64 5.4.0-1045.47
2021-04-30 23:38:15 startup archives unpack
2021-04-30 23:38:15 install hibagent:all <none> 1.0.1-0ubuntu1
2021-04-30 23:38:15 status half-installed hibagent:all 1.0.1-0ubuntu1
2021-04-30 23:38:15 status triggers-pending systemd:amd64 245.4-4ubuntu3.6
2021-04-30 23:38:15 status unpacked hibagent:all 1.0.1-0ubuntu1
2021-04-30 23:38:15 startup packages configure
2021-04-30 23:38:15 configure hibagent:all 1.0.1-0ubuntu1 <none>
2021-04-30 23:38:15 status unpacked hibagent:all 1.0.1-0ubuntu1
2021-04-30 23:38:15 status half-configured hibagent:all 1.0.1-0ubuntu1
2021-04-30 23:38:15 status installed hibagent:all 1.0.1-0ubuntu1
2021-04-30 23:38:15 trigproc systemd:amd64 245.4-4ubuntu3.6 <none>
2021-04-30 23:38:15 status half-configured systemd:amd64 245.4-4ubuntu3.6
2021-04-30 23:38:15 status installed systemd:amd64 245.4-4ubuntu3.6
2021-04-30 23:38:22 startup archives unpack
2021-04-30 23:38:22 install acpid:amd64 <none> 1:2.0.32-1ubuntu1
2021-04-30 23:38:22 status half-installed acpid:amd64 1:2.0.32-1ubuntu1
2021-04-30 23:38:22 status triggers-pending systemd:amd64 245.4-4ubuntu3.6
2021-04-30 23:38:22 status triggers-pending man-db:amd64 2.9.1-1
2021-04-30 23:38:22 status unpacked acpid:amd64 1:2.0.32-1ubuntu1
2021-04-30 23:38:22 install ec2-hibinit-agent:all <none> 1.0.0-0ubuntu9.1
2021-04-30 23:38:22 status half-installed ec2-hibinit-agent:all 1.0.0-0ubuntu9.1
2021-04-30 23:38:22 status unpacked ec2-hibinit-agent:all 1.0.0-0ubuntu9.1
2021-04-30 23:38:22 startup packages configure
2021-04-30 23:38:22 configure acpid:amd64 1:2.0.32-1ubuntu1 <none>
2021-04-30 23:38:22 status unpacked acpid:amd64 1:2.0.32-1ubuntu1
2021-04-30 23:38:22 status half-configured acpid:amd64 1:2.0.32-1ubuntu1
2021-04-30 23:38:23 status installed acpid:amd64 1:2.0.32-1ubuntu1
2021-04-30 23:38:23 configure ec2-hibinit-agent:all 1.0.0-0ubuntu9.1 <none>
2021-04-30 23:38:23 status unpacked ec2-hibinit-agent:all 1.0.0-0ubuntu9.1
2021-04-30 23:38:24 status half-configured ec2-hibinit-agent:all 1.0.0-0ubuntu9.1
2021-04-30 23:38:24 status installed ec2-hibinit-agent:all 1.0.0-0ubuntu9.1
2021-04-30 23:38:24 trigproc man-db:amd64 2.9.1-1 <none>
2021-04-30 23:38:24 status half-configured man-db:amd64 2.9.1-1
2021-04-30 23:38:24 status installed man-db:amd64 2.9.1-1
2021-04-30 23:38:24 trigproc systemd:amd64 245.4-4ubuntu3.6 <none>
2021-04-30 23:38:24 status half-configured systemd:amd64 245.4-4ubuntu3.6
2021-04-30 23:38:24 status installed systemd:amd64 245.4-4ubuntu3.6
2021-04-30 23:38:30 startup archives unpack
2021-04-30 23:38:30 install ec2-instance-connect:all <none> 1.1.12+dfsg1-0ubuntu3.20.04.1
2021-04-30 23:38:30 status half-installed ec2-instance-connect:all 1.1.12+dfsg1-0ubuntu3.20.04.1
2021-04-30 23:38:30 status unpacked ec2-instance-connect:all 1.1.12+dfsg1-0ubuntu3.20.04.1
2021-04-30 23:38:30 startup packages configure
2021-04-30 23:38:30 configure ec2-instance-connect:all 1.1.12+dfsg1-0ubuntu3.20.04.1 <none>
2021-04-30 23:38:30 status unpacked ec2-instance-connect:all 1.1.12+dfsg1-0ubuntu3.20.04.1
2021-04-30 23:38:30 status half-configured ec2-instance-connect:all 1.1.12+dfsg1-0ubuntu3.20.04.1
2021-04-30 23:38:31 status installed ec2-instance-connect:all 1.1.12+dfsg1-0ubuntu3.20.04.1
